112.07.07 16:34 B c:\old\spring2011\javascript\j2assignments\DRGAviation\images\airplane.gif <-- jscholl /public_html/spring2011/javascript/j2assignments/DRGAviation/images airplane.gif
112.07.07 16:34 B c:\old\spring2011\javascript\j2assignments\DRGAviation\images\airplane0.gif <-- jscholl /public_html/spring2011/javascript/j2assignments/DRGAviation/images airplane0.gif
112.07.07 16:34 B c:\old\spring2011\javascript\j2assignments\DRGAviation\images\airplane1.gif <-- jscholl /public_html/spring2011/javascript/j2assignments/DRGAviation/images airplane1.gif
112.07.07 16:34 B c:\old\spring2011\javascript\j2assignments\DRGAviation\images\airplane10.gif <-- jscholl /public_html/spring2011/javascript/j2assignments/DRGAviation/images airplane10.gif
112.07.07 16:34 B c:\old\spring2011\javascript\j2assignments\DRGAviation\images\airplane11.gif <-- jscholl /public_html/spring2011/javascript/j2assignments/DRGAviation/images airplane11.gif
112.07.07 16:34 B c:\old\spring2011\javascript\j2assignments\DRGAviation\images\airplane12.gif <-- jscholl /public_html/spring2011/javascript/j2assignments/DRGAviation/images airplane12.gif
112.07.07 16:34 B c:\old\spring2011\javascript\j2assignments\DRGAviation\images\airplane13.gif <-- jscholl /public_html/spring2011/javascript/j2assignments/DRGAviation/images airplane13.gif
112.07.07 16:34 B c:\old\spring2011\javascript\j2assignments\DRGAviation\images\airplane14.gif <-- jscholl /public_html/spring2011/javascript/j2assignments/DRGAviation/images airplane14.gif
112.07.07 16:34 B c:\old\spring2011\javascript\j2assignments\DRGAviation\images\airplane15.gif <-- jscholl /public_html/spring2011/javascript/j2assignments/DRGAviation/images airplane15.gif
112.07.07 16:34 B c:\old\spring2011\javascript\j2assignments\DRGAviation\images\airplane16.gif <-- jscholl /public_html/spring2011/javascript/j2assignments/DRGAviation/images airplane16.gif
112.07.07 16:34 B c:\old\spring2011\javascript\j2assignments\DRGAviation\images\airplane17.gif <-- jscholl /public_html/spring2011/javascript/j2assignments/DRGAviation/images airplane17.gif
112.07.07 16:34 B c:\old\spring2011\javascript\j2assignments\DRGAviation\images\airplane18.gif <-- jscholl /public_html/spring2011/javascript/j2assignments/DRGAviation/images airplane18.gif
112.07.07 16:34 B c:\old\spring2011\javascript\j2assignments\DRGAviation\images\airplane19.gif <-- jscholl /public_html/spring2011/javascript/j2assignments/DRGAviation/images airplane19.gif
112.07.07 16:34 B c:\old\spring2011\javascript\j2assignments\DRGAviation\images\airplane2.gif <-- jscholl /public_html/spring2011/javascript/j2assignments/DRGAviation/images airplane2.gif
112.07.07 16:34 B c:\old\spring2011\javascript\j2assignments\DRGAviation\images\airplane20.gif <-- jscholl /public_html/spring2011/javascript/j2assignments/DRGAviation/images airplane20.gif
112.07.07 16:34 B c:\old\spring2011\javascript\j2assignments\DRGAviation\images\airplane21.gif <-- jscholl /public_html/spring2011/javascript/j2assignments/DRGAviation/images airplane21.gif
112.07.07 16:34 B c:\old\spring2011\javascript\j2assignments\DRGAviation\images\airplane22.gif <-- jscholl /public_html/spring2011/javascript/j2assignments/DRGAviation/images airplane22.gif
112.07.07 16:34 B c:\old\spring2011\javascript\j2assignments\DRGAviation\images\airplane23.gif <-- jscholl /public_html/spring2011/javascript/j2assignments/DRGAviation/images airplane23.gif
112.07.07 16:34 B c:\old\spring2011\javascript\j2assignments\DRGAviation\images\airplane3.gif <-- jscholl /public_html/spring2011/javascript/j2assignments/DRGAviation/images airplane3.gif
112.07.07 16:34 B c:\old\spring2011\javascript\j2assignments\DRGAviation\images\airplane4.gif <-- jscholl /public_html/spring2011/javascript/j2assignments/DRGAviation/images airplane4.gif
112.07.07 16:34 B c:\old\spring2011\javascript\j2assignments\DRGAviation\images\airplane5.gif <-- jscholl /public_html/spring2011/javascript/j2assignments/DRGAviation/images airplane5.gif
112.07.07 16:34 B c:\old\spring2011\javascript\j2assignments\DRGAviation\images\airplane6.gif <-- jscholl /public_html/spring2011/javascript/j2assignments/DRGAviation/images airplane6.gif
112.07.07 16:34 B c:\old\spring2011\javascript\j2assignments\DRGAviation\images\airplane7.gif <-- jscholl /public_html/spring2011/javascript/j2assignments/DRGAviation/images airplane7.gif
112.07.07 16:34 B c:\old\spring2011\javascript\j2assignments\DRGAviation\images\airplane8.gif <-- jscholl /public_html/spring2011/javascript/j2assignments/DRGAviation/images airplane8.gif
112.07.07 16:34 B c:\old\spring2011\javascript\j2assignments\DRGAviation\images\airplane9.gif <-- jscholl /public_html/spring2011/javascript/j2assignments/DRGAviation/images airplane9.gif
112.07.07 16:34 B c:\old\spring2011\javascript\j2assignments\DRGAviation\images\arrow1.gif <-- jscholl /public_html/spring2011/javascript/j2assignments/DRGAviation/images arrow1.gif
112.07.07 16:34 B c:\old\spring2011\javascript\j2assignments\DRGAviation\images\arrow2.gif <-- jscholl /public_html/spring2011/javascript/j2assignments/DRGAviation/images arrow2.gif
112.07.07 16:34 B c:\old\spring2011\javascript\j2assignments\DRGAviation\images\arrow3.gif <-- jscholl /public_html/spring2011/javascript/j2assignments/DRGAviation/images arrow3.gif
112.07.07 16:34 B c:\old\spring2011\javascript\j2assignments\DRGAviation\images\arrow_f.gif <-- jscholl /public_html/spring2011/javascript/j2assignments/DRGAviation/images arrow_f.gif
112.07.07 16:34 B c:\old\spring2011\javascript\j2assignments\DRGAviation\images\b_clear.gif <-- jscholl /public_html/spring2011/javascript/j2assignments/DRGAviation/images b_clear.gif
112.07.07 16:34 B c:\old\spring2011\javascript\j2assignments\DRGAviation\images\b_send.gif <-- jscholl /public_html/spring2011/javascript/j2assignments/DRGAviation/images b_send.gif
112.07.07 16:34 B c:\old\spring2011\javascript\j2assignments\DRGAviation\images\c_rt.jpg <-- jscholl /public_html/spring2011/javascript/j2assignments/DRGAviation/images c_rt.jpg
112.07.07 16:34 B c:\old\spring2011\javascript\j2assignments\DRGAviation\images\discover.gif <-- jscholl /public_html/spring2011/javascript/j2assignments/DRGAviation/images discover.gif
112.07.07 16:34 B c:\old\spring2011\javascript\j2assignments\DRGAviation\images\dream.gif <-- jscholl /public_html/spring2011/javascript/j2assignments/DRGAviation/images dream.gif
112.07.07 16:34 B c:\old\spring2011\javascript\j2assignments\DRGAviation\images\emp.gif <-- jscholl /public_html/spring2011/javascript/j2assignments/DRGAviation/images emp.gif
112.07.07 16:34 B c:\old\spring2011\javascript\j2assignments\DRGAviation\images\f_bg.gif <-- jscholl /public_html/spring2011/javascript/j2assignments/DRGAviation/images f_bg.gif
112.07.07 16:34 B c:\old\spring2011\javascript\j2assignments\DRGAviation\images\f_l.jpg <-- jscholl /public_html/spring2011/javascript/j2assignments/DRGAviation/images f_l.jpg
112.07.07 16:34 B c:\old\spring2011\javascript\j2assignments\DRGAviation\images\f_pic.jpg <-- jscholl /public_html/spring2011/javascript/j2assignments/DRGAviation/images f_pic.jpg
112.07.07 16:34 B c:\old\spring2011\javascript\j2assignments\DRGAviation\images\f_r.jpg <-- jscholl /public_html/spring2011/javascript/j2assignments/DRGAviation/images f_r.jpg
112.07.07 16:34 B c:\old\spring2011\javascript\j2assignments\DRGAviation\images\flightover.png <-- jscholl /public_html/spring2011/javascript/j2assignments/DRGAviation/images flightover.png
112.07.07 16:34 B c:\old\spring2011\javascript\j2assignments\DRGAviation\images\flighttraining.gif <-- jscholl /public_html/spring2011/javascript/j2assignments/DRGAviation/images flighttraining.gif
112.07.07 16:34 B c:\old\spring2011\javascript\j2assignments\DRGAviation\images\flightup.png <-- jscholl /public_html/spring2011/javascript/j2assignments/DRGAviation/images flightup.png
112.07.07 16:34 B c:\old\spring2011\javascript\j2assignments\DRGAviation\images\h_about.gif <-- jscholl /public_html/spring2011/javascript/j2assignments/DRGAviation/images h_about.gif
112.07.07 16:34 B c:\old\spring2011\javascript\j2assignments\DRGAviation\images\h_company.gif <-- jscholl /public_html/spring2011/javascript/j2assignments/DRGAviation/images h_company.gif
112.07.07 16:34 B c:\old\spring2011\javascript\j2assignments\DRGAviation\images\h_contacts.gif <-- jscholl /public_html/spring2011/javascript/j2assignments/DRGAviation/images h_contacts.gif
112.07.07 16:34 B c:\old\spring2011\javascript\j2assignments\DRGAviation\images\h_mission.gif <-- jscholl /public_html/spring2011/javascript/j2assignments/DRGAviation/images h_mission.gif
112.07.07 16:34 B c:\old\spring2011\javascript\j2assignments\DRGAviation\images\h_offer.gif <-- jscholl /public_html/spring2011/javascript/j2assignments/DRGAviation/images h_offer.gif
112.07.07 16:34 B c:\old\spring2011\javascript\j2assignments\DRGAviation\images\h_wellcome.gif <-- jscholl /public_html/spring2011/javascript/j2assignments/DRGAviation/images h_wellcome.gif
112.07.07 16:34 B c:\old\spring2011\javascript\j2assignments\DRGAviation\images\head1.jpg <-- jscholl /public_html/spring2011/javascript/j2assignments/DRGAviation/images head1.jpg
112.07.07 16:34 B c:\old\spring2011\javascript\j2assignments\DRGAviation\images\head2.jpg <-- jscholl /public_html/spring2011/javascript/j2assignments/DRGAviation/images head2.jpg
112.07.07 16:34 B c:\old\spring2011\javascript\j2assignments\DRGAviation\images\head3.jpg <-- jscholl /public_html/spring2011/javascript/j2assignments/DRGAviation/images head3.jpg
112.07.07 16:34 B c:\old\spring2011\javascript\j2assignments\DRGAviation\images\head4.jpg <-- jscholl /public_html/spring2011/javascript/j2assignments/DRGAviation/images head4.jpg
112.07.07 16:34 B c:\old\spring2011\javascript\j2assignments\DRGAviation\images\head5.jpg <-- jscholl /public_html/spring2011/javascript/j2assignments/DRGAviation/images head5.jpg
112.07.07 16:34 B c:\old\spring2011\javascript\j2assignments\DRGAviation\images\homeover.png <-- jscholl /public_html/spring2011/javascript/j2assignments/DRGAviation/images homeover.png
112.07.07 16:34 B c:\old\spring2011\javascript\j2assignments\DRGAviation\images\homeup.png <-- jscholl /public_html/spring2011/javascript/j2assignments/DRGAviation/images homeup.png
112.07.07 16:34 B c:\old\spring2011\javascript\j2assignments\DRGAviation\images\ico1.gif <-- jscholl /public_html/spring2011/javascript/j2assignments/DRGAviation/images ico1.gif
112.07.07 16:34 B c:\old\spring2011\javascript\j2assignments\DRGAviation\images\ico2.gif <-- jscholl /public_html/spring2011/javascript/j2assignments/DRGAviation/images ico2.gif
112.07.07 16:34 B c:\old\spring2011\javascript\j2assignments\DRGAviation\images\instrumentover.png <-- jscholl /public_html/spring2011/javascript/j2assignments/DRGAviation/images instrumentover.png
112.07.07 16:34 B c:\old\spring2011\javascript\j2assignments\DRGAviation\images\instruments.gif <-- jscholl /public_html/spring2011/javascript/j2assignments/DRGAviation/images instruments.gif
112.07.07 16:34 B c:\old\spring2011\javascript\j2assignments\DRGAviation\images\instrumentup.png <-- jscholl /public_html/spring2011/javascript/j2assignments/DRGAviation/images instrumentup.png
112.07.07 16:34 B c:\old\spring2011\javascript\j2assignments\DRGAviation\images\logo.jpg <-- jscholl /public_html/spring2011/javascript/j2assignments/DRGAviation/images logo.jpg
112.07.07 16:34 B c:\old\spring2011\javascript\j2assignments\DRGAviation\images\man.jpg <-- jscholl /public_html/spring2011/javascript/j2assignments/DRGAviation/images man.jpg
112.07.07 16:34 B c:\old\spring2011\javascript\j2assignments\DRGAviation\images\mr.jpg <-- jscholl /public_html/spring2011/javascript/j2assignments/DRGAviation/images mr.jpg
112.07.07 16:34 B c:\old\spring2011\javascript\j2assignments\DRGAviation\images\pic.jpg <-- jscholl /public_html/spring2011/javascript/j2assignments/DRGAviation/images pic.jpg
112.07.07 16:34 B c:\old\spring2011\javascript\j2assignments\DRGAviation\images\placeholder.gif <-- jscholl /public_html/spring2011/javascript/j2assignments/DRGAviation/images placeholder.gif
112.07.07 16:34 B c:\old\spring2011\javascript\j2assignments\DRGAviation\images\r.jpg <-- jscholl /public_html/spring2011/javascript/j2assignments/DRGAviation/images r.jpg
112.07.07 16:34 B c:\old\spring2011\javascript\j2assignments\DRGAviation\images\slash.gif <-- jscholl /public_html/spring2011/javascript/j2assignments/DRGAviation/images slash.gif
112.07.07 16:34 B c:\old\spring2011\javascript\j2assignments\DRGAviation\images\slise.jpg <-- jscholl /public_html/spring2011/javascript/j2assignments/DRGAviation/images slise.jpg
112.07.07 16:34 B c:\old\spring2011\javascript\j2assignments\DRGAviation\images\text.gif <-- jscholl /public_html/spring2011/javascript/j2assignments/DRGAviation/images text.gif
112.07.07 16:34 B c:\old\spring2011\javascript\j2assignments\DRGAviation\images\Thumbs.db <-- jscholl /public_html/spring2011/javascript/j2assignments/DRGAviation/images Thumbs.db
112.07.07 16:34 B c:\old\spring2011\javascript\j2assignments\DRGAviation\images\top_r.gif <-- jscholl /public_html/spring2011/javascript/j2assignments/DRGAviation/images top_r.gif
112.08.12 17:10 B c:\old\spring2011\javascript\j2assignments\DRGAviation\images\airplane.gif --> www2.austincc.edu /public_html/fall2012/javascript/j2assignments/DRGAviation/images airplane.gif
112.08.12 17:10 B c:\old\spring2011\javascript\j2assignments\DRGAviation\images\airplane0.gif --> www2.austincc.edu /public_html/fall2012/javascript/j2assignments/DRGAviation/images airplane0.gif
112.08.12 17:10 B c:\old\spring2011\javascript\j2assignments\DRGAviation\images\airplane1.gif --> www2.austincc.edu /public_html/fall2012/javascript/j2assignments/DRGAviation/images airplane1.gif
112.08.12 17:10 B c:\old\spring2011\javascript\j2assignments\DRGAviation\images\airplane10.gif --> www2.austincc.edu /public_html/fall2012/javascript/j2assignments/DRGAviation/images airplane10.gif
112.08.12 17:10 B c:\old\spring2011\javascript\j2assignments\DRGAviation\images\airplane11.gif --> www2.austincc.edu /public_html/fall2012/javascript/j2assignments/DRGAviation/images airplane11.gif
112.08.12 17:10 B c:\old\spring2011\javascript\j2assignments\DRGAviation\images\airplane12.gif --> www2.austincc.edu /public_html/fall2012/javascript/j2assignments/DRGAviation/images airplane12.gif
112.08.12 17:10 B c:\old\spring2011\javascript\j2assignments\DRGAviation\images\airplane13.gif --> www2.austincc.edu /public_html/fall2012/javascript/j2assignments/DRGAviation/images airplane13.gif
112.08.12 17:10 B c:\old\spring2011\javascript\j2assignments\DRGAviation\images\airplane14.gif --> www2.austincc.edu /public_html/fall2012/javascript/j2assignments/DRGAviation/images airplane14.gif
112.08.12 17:10 B c:\old\spring2011\javascript\j2assignments\DRGAviation\images\airplane15.gif --> www2.austincc.edu /public_html/fall2012/javascript/j2assignments/DRGAviation/images airplane15.gif
112.08.12 17:10 B c:\old\spring2011\javascript\j2assignments\DRGAviation\images\airplane16.gif --> www2.austincc.edu /public_html/fall2012/javascript/j2assignments/DRGAviation/images airplane16.gif
112.08.12 17:10 B c:\old\spring2011\javascript\j2assignments\DRGAviation\images\airplane17.gif --> www2.austincc.edu /public_html/fall2012/javascript/j2assignments/DRGAviation/images airplane17.gif
112.08.12 17:10 B c:\old\spring2011\javascript\j2assignments\DRGAviation\images\airplane18.gif --> www2.austincc.edu /public_html/fall2012/javascript/j2assignments/DRGAviation/images airplane18.gif
112.08.12 17:10 B c:\old\spring2011\javascript\j2assignments\DRGAviation\images\airplane19.gif --> www2.austincc.edu /public_html/fall2012/javascript/j2assignments/DRGAviation/images airplane19.gif
112.08.12 17:10 B c:\old\spring2011\javascript\j2assignments\DRGAviation\images\airplane2.gif --> www2.austincc.edu /public_html/fall2012/javascript/j2assignments/DRGAviation/images airplane2.gif
112.08.12 17:10 B c:\old\spring2011\javascript\j2assignments\DRGAviation\images\airplane20.gif --> www2.austincc.edu /public_html/fall2012/javascript/j2assignments/DRGAviation/images airplane20.gif
112.08.12 17:10 B c:\old\spring2011\javascript\j2assignments\DRGAviation\images\airplane21.gif --> www2.austincc.edu /public_html/fall2012/javascript/j2assignments/DRGAviation/images airplane21.gif
112.08.12 17:10 B c:\old\spring2011\javascript\j2assignments\DRGAviation\images\airplane22.gif --> www2.austincc.edu /public_html/fall2012/javascript/j2assignments/DRGAviation/images airplane22.gif
112.08.12 17:10 B c:\old\spring2011\javascript\j2assignments\DRGAviation\images\airplane23.gif --> www2.austincc.edu /public_html/fall2012/javascript/j2assignments/DRGAviation/images airplane23.gif
112.08.12 17:10 B c:\old\spring2011\javascript\j2assignments\DRGAviation\images\airplane3.gif --> www2.austincc.edu /public_html/fall2012/javascript/j2assignments/DRGAviation/images airplane3.gif
112.08.12 17:10 B c:\old\spring2011\javascript\j2assignments\DRGAviation\images\airplane4.gif --> www2.austincc.edu /public_html/fall2012/javascript/j2assignments/DRGAviation/images airplane4.gif
112.08.12 17:10 B c:\old\spring2011\javascript\j2assignments\DRGAviation\images\airplane5.gif --> www2.austincc.edu /public_html/fall2012/javascript/j2assignments/DRGAviation/images airplane5.gif
112.08.12 17:10 B c:\old\spring2011\javascript\j2assignments\DRGAviation\images\airplane6.gif --> www2.austincc.edu /public_html/fall2012/javascript/j2assignments/DRGAviation/images airplane6.gif
112.08.12 17:10 B c:\old\spring2011\javascript\j2assignments\DRGAviation\images\airplane7.gif --> www2.austincc.edu /public_html/fall2012/javascript/j2assignments/DRGAviation/images airplane7.gif
112.08.12 17:10 B c:\old\spring2011\javascript\j2assignments\DRGAviation\images\airplane8.gif --> www2.austincc.edu /public_html/fall2012/javascript/j2assignments/DRGAviation/images airplane8.gif
112.08.12 17:10 B c:\old\spring2011\javascript\j2assignments\DRGAviation\images\airplane9.gif --> www2.austincc.edu /public_html/fall2012/javascript/j2assignments/DRGAviation/images airplane9.gif
112.08.12 17:10 B c:\old\spring2011\javascript\j2assignments\DRGAviation\images\arrow1.gif --> www2.austincc.edu /public_html/fall2012/javascript/j2assignments/DRGAviation/images arrow1.gif
112.08.12 17:10 B c:\old\spring2011\javascript\j2assignments\DRGAviation\images\arrow2.gif --> www2.austincc.edu /public_html/fall2012/javascript/j2assignments/DRGAviation/images arrow2.gif
112.08.12 17:10 B c:\old\spring2011\javascript\j2assignments\DRGAviation\images\arrow3.gif --> www2.austincc.edu /public_html/fall2012/javascript/j2assignments/DRGAviation/images arrow3.gif
112.08.12 17:10 B c:\old\spring2011\javascript\j2assignments\DRGAviation\images\arrow_f.gif --> www2.austincc.edu /public_html/fall2012/javascript/j2assignments/DRGAviation/images arrow_f.gif
112.08.12 17:10 B c:\old\spring2011\javascript\j2assignments\DRGAviation\images\b_clear.gif --> www2.austincc.edu /public_html/fall2012/javascript/j2assignments/DRGAviation/images b_clear.gif
112.08.12 17:10 B c:\old\spring2011\javascript\j2assignments\DRGAviation\images\b_send.gif --> www2.austincc.edu /public_html/fall2012/javascript/j2assignments/DRGAviation/images b_send.gif
112.08.12 17:10 B c:\old\spring2011\javascript\j2assignments\DRGAviation\images\c_rt.jpg --> www2.austincc.edu /public_html/fall2012/javascript/j2assignments/DRGAviation/images c_rt.jpg
112.08.12 17:10 B c:\old\spring2011\javascript\j2assignments\DRGAviation\images\discover.gif --> www2.austincc.edu /public_html/fall2012/javascript/j2assignments/DRGAviation/images discover.gif
112.08.12 17:10 B c:\old\spring2011\javascript\j2assignments\DRGAviation\images\dream.gif --> www2.austincc.edu /public_html/fall2012/javascript/j2assignments/DRGAviation/images dream.gif
112.08.12 17:10 B c:\old\spring2011\javascript\j2assignments\DRGAviation\images\emp.gif --> www2.austincc.edu /public_html/fall2012/javascript/j2assignments/DRGAviation/images emp.gif
112.08.12 17:10 B c:\old\spring2011\javascript\j2assignments\DRGAviation\images\f_bg.gif --> www2.austincc.edu /public_html/fall2012/javascript/j2assignments/DRGAviation/images f_bg.gif
112.08.12 17:10 B c:\old\spring2011\javascript\j2assignments\DRGAviation\images\f_l.jpg --> www2.austincc.edu /public_html/fall2012/javascript/j2assignments/DRGAviation/images f_l.jpg
112.08.12 17:10 B c:\old\spring2011\javascript\j2assignments\DRGAviation\images\f_pic.jpg --> www2.austincc.edu /public_html/fall2012/javascript/j2assignments/DRGAviation/images f_pic.jpg
112.08.12 17:10 B c:\old\spring2011\javascript\j2assignments\DRGAviation\images\f_r.jpg --> www2.austincc.edu /public_html/fall2012/javascript/j2assignments/DRGAviation/images f_r.jpg
112.08.12 17:10 B c:\old\spring2011\javascript\j2assignments\DRGAviation\images\flightover.png --> www2.austincc.edu /public_html/fall2012/javascript/j2assignments/DRGAviation/images flightover.png
112.08.12 17:10 B c:\old\spring2011\javascript\j2assignments\DRGAviation\images\flighttraining.gif --> www2.austincc.edu /public_html/fall2012/javascript/j2assignments/DRGAviation/images flighttraining.gif
112.08.12 17:10 B c:\old\spring2011\javascript\j2assignments\DRGAviation\images\flightup.png --> www2.austincc.edu /public_html/fall2012/javascript/j2assignments/DRGAviation/images flightup.png
112.08.12 17:10 B c:\old\spring2011\javascript\j2assignments\DRGAviation\images\h_about.gif --> www2.austincc.edu /public_html/fall2012/javascript/j2assignments/DRGAviation/images h_about.gif
112.08.12 17:10 B c:\old\spring2011\javascript\j2assignments\DRGAviation\images\h_company.gif --> www2.austincc.edu /public_html/fall2012/javascript/j2assignments/DRGAviation/images h_company.gif
112.08.12 17:10 B c:\old\spring2011\javascript\j2assignments\DRGAviation\images\h_contacts.gif --> www2.austincc.edu /public_html/fall2012/javascript/j2assignments/DRGAviation/images h_contacts.gif
112.08.12 17:10 B c:\old\spring2011\javascript\j2assignments\DRGAviation\images\h_mission.gif --> www2.austincc.edu /public_html/fall2012/javascript/j2assignments/DRGAviation/images h_mission.gif
112.08.12 17:10 B c:\old\spring2011\javascript\j2assignments\DRGAviation\images\h_offer.gif --> www2.austincc.edu /public_html/fall2012/javascript/j2assignments/DRGAviation/images h_offer.gif
112.08.12 17:10 B c:\old\spring2011\javascript\j2assignments\DRGAviation\images\h_wellcome.gif --> www2.austincc.edu /public_html/fall2012/javascript/j2assignments/DRGAviation/images h_wellcome.gif
112.08.12 17:10 B c:\old\spring2011\javascript\j2assignments\DRGAviation\images\head1.jpg --> www2.austincc.edu /public_html/fall2012/javascript/j2assignments/DRGAviation/images head1.jpg
112.08.12 17:10 B c:\old\spring2011\javascript\j2assignments\DRGAviation\images\head2.jpg --> www2.austincc.edu /public_html/fall2012/javascript/j2assignments/DRGAviation/images head2.jpg
112.08.12 17:10 B c:\old\spring2011\javascript\j2assignments\DRGAviation\images\head3.jpg --> www2.austincc.edu /public_html/fall2012/javascript/j2assignments/DRGAviation/images head3.jpg
112.08.12 17:10 B c:\old\spring2011\javascript\j2assignments\DRGAviation\images\head4.jpg --> www2.austincc.edu /public_html/fall2012/javascript/j2assignments/DRGAviation/images head4.jpg
112.08.12 17:10 B c:\old\spring2011\javascript\j2assignments\DRGAviation\images\head5.jpg --> www2.austincc.edu /public_html/fall2012/javascript/j2assignments/DRGAviation/images head5.jpg
112.08.12 17:10 B c:\old\spring2011\javascript\j2assignments\DRGAviation\images\homeover.png --> www2.austincc.edu /public_html/fall2012/javascript/j2assignments/DRGAviation/images homeover.png
112.08.12 17:10 B c:\old\spring2011\javascript\j2assignments\DRGAviation\images\homeup.png --> www2.austincc.edu /public_html/fall2012/javascript/j2assignments/DRGAviation/images homeup.png
112.08.12 17:10 B c:\old\spring2011\javascript\j2assignments\DRGAviation\images\ico1.gif --> www2.austincc.edu /public_html/fall2012/javascript/j2assignments/DRGAviation/images ico1.gif
112.08.12 17:10 B c:\old\spring2011\javascript\j2assignments\DRGAviation\images\ico2.gif --> www2.austincc.edu /public_html/fall2012/javascript/j2assignments/DRGAviation/images ico2.gif
112.08.12 17:10 B c:\old\spring2011\javascript\j2assignments\DRGAviation\images\instrumentover.png --> www2.austincc.edu /public_html/fall2012/javascript/j2assignments/DRGAviation/images instrumentover.png
112.08.12 17:10 B c:\old\spring2011\javascript\j2assignments\DRGAviation\images\instruments.gif --> www2.austincc.edu /public_html/fall2012/javascript/j2assignments/DRGAviation/images instruments.gif
112.08.12 17:10 B c:\old\spring2011\javascript\j2assignments\DRGAviation\images\instrumentup.png --> www2.austincc.edu /public_html/fall2012/javascript/j2assignments/DRGAviation/images instrumentup.png
112.08.12 17:10 B c:\old\spring2011\javascript\j2assignments\DRGAviation\images\logo.jpg --> www2.austincc.edu /public_html/fall2012/javascript/j2assignments/DRGAviation/images logo.jpg
112.08.12 17:10 B c:\old\spring2011\javascript\j2assignments\DRGAviation\images\man.jpg --> www2.austincc.edu /public_html/fall2012/javascript/j2assignments/DRGAviation/images man.jpg
112.08.12 17:10 B c:\old\spring2011\javascript\j2assignments\DRGAviation\images\mr.jpg --> www2.austincc.edu /public_html/fall2012/javascript/j2assignments/DRGAviation/images mr.jpg
112.08.12 17:10 B c:\old\spring2011\javascript\j2assignments\DRGAviation\images\pic.jpg --> www2.austincc.edu /public_html/fall2012/javascript/j2assignments/DRGAviation/images pic.jpg
112.08.12 17:10 B c:\old\spring2011\javascript\j2assignments\DRGAviation\images\placeholder.gif --> www2.austincc.edu /public_html/fall2012/javascript/j2assignments/DRGAviation/images placeholder.gif
112.08.12 17:10 B c:\old\spring2011\javascript\j2assignments\DRGAviation\images\r.jpg --> www2.austincc.edu /public_html/fall2012/javascript/j2assignments/DRGAviation/images r.jpg
112.08.12 17:10 B c:\old\spring2011\javascript\j2assignments\DRGAviation\images\slash.gif --> www2.austincc.edu /public_html/fall2012/javascript/j2assignments/DRGAviation/images slash.gif
112.08.12 17:10 B c:\old\spring2011\javascript\j2assignments\DRGAviation\images\slise.jpg --> www2.austincc.edu /public_html/fall2012/javascript/j2assignments/DRGAviation/images slise.jpg
112.08.12 17:10 B c:\old\spring2011\javascript\j2assignments\DRGAviation\images\text.gif --> www2.austincc.edu /public_html/fall2012/javascript/j2assignments/DRGAviation/images text.gif
112.08.12 17:10 B c:\old\spring2011\javascript\j2assignments\DRGAviation\images\Thumbs.db --> www2.austincc.edu /public_html/fall2012/javascript/j2assignments/DRGAviation/images Thumbs.db
112.08.12 17:10 B c:\old\spring2011\javascript\j2assignments\DRGAviation\images\top_r.gif --> www2.austincc.edu /public_html/fall2012/javascript/j2assignments/DRGAviation/images top_r.gif
